mode: set
wallet/app/handler/wallet_test_skip.go:17.60,25.2 7 0
wallet/app/handler/wallet_test_skip.go:27.58,28.2 0 0
wallet/app/handler/wallet_test_skip.go:30.41,46.2 14 0
wallet/app/handler/wallet_test_skip.go:48.72,56.2 7 0
wallet/app/handler/wallet_test_skip.go:58.57,74.2 15 0
wallet/app/handler/wallet_test_skip.go:76.37,95.27 5 0
wallet/app/handler/wallet_test_skip.go:95.27,96.37 1 0
wallet/app/handler/wallet_test_skip.go:96.37,98.27 2 0
wallet/app/handler/wallet_test_skip.go:98.27,100.5 1 0
wallet/app/handler/wallet_test_skip.go:105.50,109.16 4 0
wallet/app/handler/wallet_test_skip.go:112.2,112.36 1 0
wallet/app/handler/wallet_test_skip.go:115.2,115.25 1 0
wallet/app/handler/wallet_test_skip.go:118.2,118.13 1 0
wallet/app/handler/wallet_test_skip.go:109.16,111.3 1 0
wallet/app/handler/wallet_test_skip.go:112.36,114.3 1 0
wallet/app/handler/wallet_test_skip.go:115.25,117.3 1 0
wallet/app/handler/common.go:8.65,10.16 2 0
wallet/app/handler/common.go:15.2,17.27 3 0
wallet/app/handler/common.go:10.16,14.3 3 0
wallet/app/handler/common.go:20.68,26.2 5 1
wallet/app/handler/common_test_skip.go:25.50,33.2 7 0
wallet/app/handler/common_test_skip.go:34.40,44.27 2 0
wallet/app/handler/common_test_skip.go:44.27,45.37 1 0
wallet/app/handler/common_test_skip.go:48.3,48.23 1 0
wallet/app/handler/common_test_skip.go:45.37,47.4 1 0
wallet/app/handler/common_test_skip.go:52.39,67.2 11 0
wallet/app/handler/transaction.go:15.77,19.53 3 1
wallet/app/handler/transaction.go:23.2,26.33 3 0
wallet/app/handler/transaction.go:29.2,29.42 1 0
wallet/app/handler/transaction.go:33.2,34.16 2 0
wallet/app/handler/transaction.go:38.2,39.26 2 0
wallet/app/handler/transaction.go:19.53,22.3 2 1
wallet/app/handler/transaction.go:26.33,28.3 1 0
wallet/app/handler/transaction.go:29.42,32.3 2 0
wallet/app/handler/transaction.go:34.16,37.3 2 0
wallet/app/handler/transaction.go:42.77,50.33 7 0
wallet/app/handler/transaction.go:53.2,54.33 2 0
wallet/app/handler/transaction.go:57.2,59.16 3 0
wallet/app/handler/transaction.go:63.2,63.26 1 0
wallet/app/handler/transaction.go:50.33,52.3 1 0
wallet/app/handler/transaction.go:54.33,56.3 1 0
wallet/app/handler/transaction.go:59.16,62.3 2 0
wallet/app/handler/transaction.go:65.35,66.30 1 0
wallet/app/handler/transaction.go:66.30,68.3 1 0
wallet/app/handler/transaction.go:70.118,71.49 1 0
wallet/app/handler/transaction.go:74.2,77.33 4 0
wallet/app/handler/transaction.go:80.2,81.47 2 0
wallet/app/handler/transaction.go:84.2,85.52 2 0
wallet/app/handler/transaction.go:89.2,89.47 1 0
wallet/app/handler/transaction.go:92.2,92.40 1 0
wallet/app/handler/transaction.go:71.49,73.3 1 0
wallet/app/handler/transaction.go:77.33,79.3 1 0
wallet/app/handler/transaction.go:81.47,83.3 1 0
wallet/app/handler/transaction.go:85.52,87.3 1 0
wallet/app/handler/transaction.go:89.47,91.3 1 0
wallet/app/handler/transaction.go:95.90,96.41 1 0
wallet/app/handler/transaction.go:99.2,99.44 1 0
wallet/app/handler/transaction.go:96.41,98.3 1 0
wallet/app/handler/transaction.go:102.85,105.2 1 0
wallet/app/handler/transaction.go:107.65,109.2 1 0
wallet/app/handler/transaction.go:111.60,116.2 4 0
wallet/app/handler/transaction.go:118.79,120.41 2 0
wallet/app/handler/transaction.go:125.2,128.20 4 0
wallet/app/handler/transaction.go:120.41,122.3 1 0
wallet/app/handler/transaction.go:122.8,124.3 1 0
wallet/app/handler/wallet.go:12.55,16.2 3 0
wallet/app/handler/wallet.go:18.69,21.16 3 0
wallet/app/handler/wallet.go:25.2,28.27 4 0
wallet/app/handler/wallet.go:21.16,24.3 2 0
wallet/app/handler/wallet.go:31.81,34.16 3 0
wallet/app/handler/wallet.go:38.2,40.33 3 0
wallet/app/handler/wallet.go:34.16,37.3 2 0
