mode: set
wallet/app/handler/common.go:8.65,10.16 2 0
wallet/app/handler/common.go:15.2,17.27 3 0
wallet/app/handler/common.go:10.16,14.3 3 0
wallet/app/handler/common.go:20.68,26.2 5 1
wallet/app/handler/common_test_skip.go:25.50,33.2 7 0
wallet/app/handler/common_test_skip.go:34.40,44.27 2 0
wallet/app/handler/common_test_skip.go:44.27,45.37 1 0
wallet/app/handler/common_test_skip.go:48.3,48.23 1 0
wallet/app/handler/common_test_skip.go:45.37,47.4 1 0
wallet/app/handler/common_test_skip.go:52.39,67.2 11 0
wallet/app/handler/transaction.go:14.77,18.53 3 1
wallet/app/handler/transaction.go:22.2,23.33 2 1
wallet/app/handler/transaction.go:26.2,26.42 1 1
wallet/app/handler/transaction.go:30.2,31.16 2 1
wallet/app/handler/transaction.go:35.2,35.26 1 0
wallet/app/handler/transaction.go:18.53,21.3 2 1
wallet/app/handler/transaction.go:23.33,25.3 1 0
wallet/app/handler/transaction.go:26.42,29.3 2 0
wallet/app/handler/transaction.go:31.16,34.3 2 1
wallet/app/handler/transaction.go:38.77,45.33 6 0
wallet/app/handler/transaction.go:48.2,50.33 2 0
wallet/app/handler/transaction.go:53.2,55.16 3 0
wallet/app/handler/transaction.go:59.2,59.26 1 0
wallet/app/handler/transaction.go:45.33,47.3 1 0
wallet/app/handler/transaction.go:50.33,52.3 1 0
wallet/app/handler/transaction.go:55.16,58.3 2 0
wallet/app/handler/transaction.go:61.35,62.30 1 1
wallet/app/handler/transaction.go:62.30,64.3 1 0
wallet/app/handler/transaction.go:66.118,67.49 1 1
wallet/app/handler/transaction.go:70.2,73.33 4 1
wallet/app/handler/transaction.go:76.2,77.47 2 0
wallet/app/handler/transaction.go:80.2,81.52 2 0
wallet/app/handler/transaction.go:84.2,84.47 1 0
wallet/app/handler/transaction.go:87.2,87.40 1 0
wallet/app/handler/transaction.go:67.49,69.3 1 1
wallet/app/handler/transaction.go:73.33,75.3 1 1
wallet/app/handler/transaction.go:77.47,79.3 1 0
wallet/app/handler/transaction.go:81.52,83.3 1 0
wallet/app/handler/transaction.go:84.47,86.3 1 0
wallet/app/handler/transaction.go:90.90,91.41 1 0
wallet/app/handler/transaction.go:94.2,94.44 1 0
wallet/app/handler/transaction.go:91.41,93.3 1 0
wallet/app/handler/transaction.go:97.85,100.2 1 1
wallet/app/handler/transaction.go:102.65,104.2 1 1
wallet/app/handler/transaction.go:106.60,111.2 4 1
wallet/app/handler/transaction.go:113.79,115.41 2 0
wallet/app/handler/transaction.go:120.2,123.20 4 0
wallet/app/handler/transaction.go:115.41,117.3 1 0
wallet/app/handler/transaction.go:117.8,119.3 1 0
wallet/app/handler/wallet.go:12.55,16.2 3 0
wallet/app/handler/wallet.go:18.69,21.16 3 0
wallet/app/handler/wallet.go:25.2,28.27 4 0
wallet/app/handler/wallet.go:21.16,24.3 2 0
wallet/app/handler/wallet.go:31.81,34.16 3 0
wallet/app/handler/wallet.go:38.2,40.33 3 0
wallet/app/handler/wallet.go:34.16,37.3 2 0
wallet/app/handler/wallet_test_skip.go:17.60,25.2 7 0
wallet/app/handler/wallet_test_skip.go:27.58,28.2 0 0
wallet/app/handler/wallet_test_skip.go:30.41,46.2 14 0
wallet/app/handler/wallet_test_skip.go:48.72,56.2 7 0
wallet/app/handler/wallet_test_skip.go:58.57,74.2 15 0
wallet/app/handler/wallet_test_skip.go:76.82,78.2 0 0
wallet/app/handler/wallet_test_skip.go:80.54,82.2 0 0
wallet/app/handler/wallet_test_skip.go:84.37,103.27 5 0
wallet/app/handler/wallet_test_skip.go:103.27,104.37 1 0
wallet/app/handler/wallet_test_skip.go:104.37,106.27 2 0
wallet/app/handler/wallet_test_skip.go:106.27,108.5 1 0
wallet/app/handler/wallet_test_skip.go:113.50,117.16 4 0
wallet/app/handler/wallet_test_skip.go:120.2,120.36 1 0
wallet/app/handler/wallet_test_skip.go:123.2,123.25 1 0
wallet/app/handler/wallet_test_skip.go:126.2,126.13 1 0
wallet/app/handler/wallet_test_skip.go:117.16,119.3 1 0
wallet/app/handler/wallet_test_skip.go:120.36,122.3 1 0
wallet/app/handler/wallet_test_skip.go:123.25,125.3 1 0
